VIDEO SEQUENCE TOOK 0.028640
TIME TO GET NEIGHBORS TOOK: 0.000007
TIME TO GET WEIGHTSTOOK: 0.000086
TIME TO SET ERROR TOOK: 0.002433
TIME TO GET LIKELIHOODS TOOK: 0.029170
TIME TO GET EXP TOOK: 0.000211
TIME TO SUM WEIGHTS TOOK: 0.000026
TIME TO NORMALIZE WEIGHTS TOOK: 0.000038
TIME TO MOVE OBJECT TOOK: 0.000035
XE: 64.476595
YE: 64.478409
0.675291
TIME TO CALC CUM SUM TOOK: 0.000052
TIME TO CALC U TOOK: 0.000090
SENDING TO GPU TOOK: 0.000472
CUDA EXEC TOOK: 0.001671
SENDING BACK FROM GPU TOOK: 0.000131
TIME TO CALC NEW ARRAY X AND Y TOOK: 0.002279
TIME TO RESET WEIGHTS TOOK: 0.000063
PARTICLE FILTER TOOK 0.179724
ENTIRE PROGRAM TOOK 0.208364
