VIDEO SEQUENCE TOOK 0.008885
TIME TO GET NEIGHBORS TOOK: 0.000007
TIME TO GET WEIGHTSTOOK: 0.000085
TIME TO SET ERROR TOOK: 0.002423
TIME TO GET LIKELIHOODS TOOK: 0.029375
TIME TO GET EXP TOOK: 0.000213
TIME TO SUM WEIGHTS TOOK: 0.000025
TIME TO NORMALIZE WEIGHTS TOOK: 0.000039
TIME TO MOVE OBJECT TOOK: 0.000034
XE: 64.476595
YE: 64.478409
0.675291
TIME TO CALC CUM SUM TOOK: 0.000052
TIME TO CALC U TOOK: 0.000090
SENDING TO GPU TOOK: 0.000448
CUDA EXEC TOOK: 0.001674
SENDING BACK FROM GPU TOOK: 0.000132
TIME TO CALC NEW ARRAY X AND Y TOOK: 0.002258
TIME TO RESET WEIGHTS TOOK: 0.000064
PARTICLE FILTER TOOK 0.129908
ENTIRE PROGRAM TOOK 0.138793
