VIDEO SEQUENCE TOOK 0.012650
TIME TO GET NEIGHBORS TOOK: 0.000004
TIME TO GET WEIGHTSTOOK: 0.000011
TIME TO SET ERROR TOOK: 0.000850
TIME TO GET LIKELIHOODS TOOK: 0.005833
TIME TO GET EXP TOOK: 0.000060
TIME TO SUM WEIGHTS TOOK: 0.000004
TIME TO NORMALIZE WEIGHTS TOOK: 0.000007
TIME TO MOVE OBJECT TOOK: 0.000005
XE: 64.055321
YE: 64.243664
0.249865
TIME TO CALC CUM SUM TOOK: 0.000010
TIME TO CALC U TOOK: 0.000011
SENDING TO GPU TOOK: 0.000078
CUDA EXEC TOOK: 0.000153
SENDING BACK FROM GPU TOOK: 0.000036
TIME TO CALC NEW ARRAY X AND Y TOOK: 0.000269
TIME TO RESET WEIGHTS TOOK: 0.000009
PARTICLE FILTER TOOK 1.515861
ENTIRE PROGRAM TOOK 1.528511
