VIDEO SEQUENCE TOOK 0.014606
TIME TO GET NEIGHBORS TOOK: 0.000004
TIME TO GET WEIGHTSTOOK: 0.000012
TIME TO SET ERROR TOOK: 0.000785
TIME TO GET LIKELIHOODS TOOK: 0.007297
TIME TO GET EXP TOOK: 0.000082
TIME TO SUM WEIGHTS TOOK: 0.000008
TIME TO NORMALIZE WEIGHTS TOOK: 0.000015
TIME TO MOVE OBJECT TOOK: 0.000009
XE: 64.299050
YE: 64.446895
0.537723
TIME TO CALC CUM SUM TOOK: 0.000020
TIME TO CALC U TOOK: 0.000021
SENDING TO GPU TOOK: 0.000120
CUDA EXEC TOOK: 0.000360
SENDING BACK FROM GPU TOOK: 0.000030
TIME TO CALC NEW ARRAY X AND Y TOOK: 0.000513
TIME TO RESET WEIGHTS TOOK: 0.000008
PARTICLE FILTER TOOK 1.535722
ENTIRE PROGRAM TOOK 1.550328
