VIDEO SEQUENCE TOOK 0.009189
TIME TO GET NEIGHBORS TOOK: 0.000004
TIME TO GET WEIGHTSTOOK: 0.000011
TIME TO SET ERROR TOOK: 0.000438
TIME TO GET LIKELIHOODS TOOK: 0.004747
TIME TO GET EXP TOOK: 0.000055
TIME TO SUM WEIGHTS TOOK: 0.000005
TIME TO NORMALIZE WEIGHTS TOOK: 0.000010
TIME TO MOVE OBJECT TOOK: 0.000006
XE: 64.524973
YE: 64.393954
0.656351
TIME TO CALC CUM SUM TOOK: 0.000012
TIME TO CALC U TOOK: 0.000014
SENDING TO GPU TOOK: 0.000084
CUDA EXEC TOOK: 0.000478
SENDING BACK FROM GPU TOOK: 0.000038
TIME TO CALC NEW ARRAY X AND Y TOOK: 0.000603
TIME TO RESET WEIGHTS TOOK: 0.000012
PARTICLE FILTER TOOK 1.529167
ENTIRE PROGRAM TOOK 1.538356
