VIDEO SEQUENCE TOOK 0.008906
TIME TO GET NEIGHBORS TOOK: 0.000004
TIME TO GET WEIGHTSTOOK: 0.000011
TIME TO SET ERROR TOOK: 0.000960
TIME TO GET LIKELIHOODS TOOK: 0.006725
TIME TO GET EXP TOOK: 0.000041
TIME TO SUM WEIGHTS TOOK: 0.000004
TIME TO NORMALIZE WEIGHTS TOOK: 0.000006
TIME TO MOVE OBJECT TOOK: 0.000005
XE: 64.617657
YE: 64.368801
0.719385
TIME TO CALC CUM SUM TOOK: 0.000009
TIME TO CALC U TOOK: 0.000009
SENDING TO GPU TOOK: 0.000074
CUDA EXEC TOOK: 0.000477
SENDING BACK FROM GPU TOOK: 0.000035
TIME TO CALC NEW ARRAY X AND Y TOOK: 0.000589
TIME TO RESET WEIGHTS TOOK: 0.000009
PARTICLE FILTER TOOK 1.513778
ENTIRE PROGRAM TOOK 1.522684
