VIDEO SEQUENCE TOOK 0.013870
TIME TO GET NEIGHBORS TOOK: 0.000004
TIME TO GET WEIGHTSTOOK: 0.000011
TIME TO SET ERROR TOOK: 0.000438
TIME TO GET LIKELIHOODS TOOK: 0.003408
TIME TO GET EXP TOOK: 0.000041
TIME TO SUM WEIGHTS TOOK: 0.000003
TIME TO NORMALIZE WEIGHTS TOOK: 0.000007
TIME TO MOVE OBJECT TOOK: 0.000005
XE: 64.611227
YE: 64.374715
0.716944
TIME TO CALC CUM SUM TOOK: 0.000009
TIME TO CALC U TOOK: 0.000009
SENDING TO GPU TOOK: 0.000074
CUDA EXEC TOOK: 0.000409
SENDING BACK FROM GPU TOOK: 0.000036
TIME TO CALC NEW ARRAY X AND Y TOOK: 0.000522
TIME TO RESET WEIGHTS TOOK: 0.000008
PARTICLE FILTER TOOK 1.513301
ENTIRE PROGRAM TOOK 1.527171
