VIDEO SEQUENCE TOOK 0.012427
TIME TO GET NEIGHBORS TOOK: 0.000005
TIME TO GET WEIGHTSTOOK: 0.000012
TIME TO SET ERROR TOOK: 0.000564
TIME TO GET LIKELIHOODS TOOK: 0.004377
TIME TO GET EXP TOOK: 0.000041
TIME TO SUM WEIGHTS TOOK: 0.000003
TIME TO NORMALIZE WEIGHTS TOOK: 0.000007
TIME TO MOVE OBJECT TOOK: 0.000005
XE: 64.456943
YE: 64.592592
0.748306
TIME TO CALC CUM SUM TOOK: 0.000009
TIME TO CALC U TOOK: 0.000009
SENDING TO GPU TOOK: 0.000075
CUDA EXEC TOOK: 0.000330
SENDING BACK FROM GPU TOOK: 0.000035
TIME TO CALC NEW ARRAY X AND Y TOOK: 0.000443
TIME TO RESET WEIGHTS TOOK: 0.000008
PARTICLE FILTER TOOK 1.524750
ENTIRE PROGRAM TOOK 1.537177
