VIDEO SEQUENCE TOOK 0.008936
TIME TO GET NEIGHBORS TOOK: 0.000004
TIME TO GET WEIGHTSTOOK: 0.000011
TIME TO SET ERROR TOOK: 0.001266
TIME TO GET LIKELIHOODS TOOK: 0.007071
TIME TO GET EXP TOOK: 0.000042
TIME TO SUM WEIGHTS TOOK: 0.000004
TIME TO NORMALIZE WEIGHTS TOOK: 0.000006
TIME TO MOVE OBJECT TOOK: 0.000005
XE: 64.533276
YE: 64.409224
0.672196
TIME TO CALC CUM SUM TOOK: 0.000009
TIME TO CALC U TOOK: 0.000010
SENDING TO GPU TOOK: 0.000069
CUDA EXEC TOOK: 0.000433
SENDING BACK FROM GPU TOOK: 0.000031
TIME TO CALC NEW ARRAY X AND Y TOOK: 0.000536
TIME TO RESET WEIGHTS TOOK: 0.000008
PARTICLE FILTER TOOK 1.544838
ENTIRE PROGRAM TOOK 1.553774
