VIDEO SEQUENCE TOOK 0.009192
TIME TO GET NEIGHBORS TOOK: 0.000004
TIME TO GET WEIGHTSTOOK: 0.000011
TIME TO SET ERROR TOOK: 0.000570
TIME TO GET LIKELIHOODS TOOK: 0.004401
TIME TO GET EXP TOOK: 0.000051
TIME TO SUM WEIGHTS TOOK: 0.000005
TIME TO NORMALIZE WEIGHTS TOOK: 0.000009
TIME TO MOVE OBJECT TOOK: 0.000006
XE: 64.233465
YE: 64.420750
0.481183
TIME TO CALC CUM SUM TOOK: 0.000012
TIME TO CALC U TOOK: 0.000012
SENDING TO GPU TOOK: 0.000085
CUDA EXEC TOOK: 0.000364
SENDING BACK FROM GPU TOOK: 0.000039
TIME TO CALC NEW ARRAY X AND Y TOOK: 0.000491
TIME TO RESET WEIGHTS TOOK: 0.000011
PARTICLE FILTER TOOK 1.538329
ENTIRE PROGRAM TOOK 1.547521
