VIDEO SEQUENCE TOOK 0.008669
TIME TO GET NEIGHBORS TOOK: 0.000015
TIME TO GET WEIGHTSTOOK: 0.000203
TIME TO SET ERROR TOOK: 0.002429
TIME TO GET LIKELIHOODS TOOK: 0.029362
TIME TO GET EXP TOOK: 0.000212
TIME TO SUM WEIGHTS TOOK: 0.000026
TIME TO NORMALIZE WEIGHTS TOOK: 0.000038
TIME TO MOVE OBJECT TOOK: 0.000034
XE: 64.476595
YE: 64.478409
0.675291
TIME TO CALC CUM SUM TOOK: 0.000050
TIME TO CALC U TOOK: 0.000094
SENDING TO GPU TOOK: 0.000437
CUDA EXEC TOOK: 0.001673
SENDING BACK FROM GPU TOOK: 0.000135
TIME TO CALC NEW ARRAY X AND Y TOOK: 0.002250
TIME TO RESET WEIGHTS TOOK: 0.000070
PARTICLE FILTER TOOK 0.131684
ENTIRE PROGRAM TOOK 0.140353
