VIDEO SEQUENCE TOOK 0.008134
TIME TO GET NEIGHBORS TOOK: 0.000004
TIME TO GET WEIGHTSTOOK: 0.000011
TIME TO SET ERROR TOOK: 0.000853
TIME TO GET LIKELIHOODS TOOK: 0.005375
TIME TO GET EXP TOOK: 0.000045
TIME TO SUM WEIGHTS TOOK: 0.000003
TIME TO NORMALIZE WEIGHTS TOOK: 0.000008
TIME TO MOVE OBJECT TOOK: 0.000004
XE: 64.531197
YE: 64.429732
0.683257
TIME TO CALC CUM SUM TOOK: 0.000010
TIME TO CALC U TOOK: 0.000010
SENDING TO GPU TOOK: 0.000078
CUDA EXEC TOOK: 0.000497
SENDING BACK FROM GPU TOOK: 0.000038
TIME TO CALC NEW ARRAY X AND Y TOOK: 0.000616
TIME TO RESET WEIGHTS TOOK: 0.000009
PARTICLE FILTER TOOK 1.503868
ENTIRE PROGRAM TOOK 1.512002
