VIDEO SEQUENCE TOOK 0.008660
TIME TO GET NEIGHBORS TOOK: 0.000004
TIME TO GET WEIGHTSTOOK: 0.000011
TIME TO SET ERROR TOOK: 0.000939
TIME TO GET LIKELIHOODS TOOK: 0.006249
TIME TO GET EXP TOOK: 0.000045
TIME TO SUM WEIGHTS TOOK: 0.000004
TIME TO NORMALIZE WEIGHTS TOOK: 0.000007
TIME TO MOVE OBJECT TOOK: 0.000005
XE: 64.499997
YE: 64.375471
0.625280
TIME TO CALC CUM SUM TOOK: 0.000009
TIME TO CALC U TOOK: 0.000010
SENDING TO GPU TOOK: 0.000078
CUDA EXEC TOOK: 0.000463
SENDING BACK FROM GPU TOOK: 0.000043
TIME TO CALC NEW ARRAY X AND Y TOOK: 0.000587
TIME TO RESET WEIGHTS TOOK: 0.000010
PARTICLE FILTER TOOK 1.504264
ENTIRE PROGRAM TOOK 1.512924
