VIDEO SEQUENCE TOOK 0.013539
TIME TO GET NEIGHBORS TOOK: 0.000004
TIME TO GET WEIGHTSTOOK: 0.000012
TIME TO SET ERROR TOOK: 0.000437
TIME TO GET LIKELIHOODS TOOK: 0.003412
TIME TO GET EXP TOOK: 0.000042
TIME TO SUM WEIGHTS TOOK: 0.000003
TIME TO NORMALIZE WEIGHTS TOOK: 0.000007
TIME TO MOVE OBJECT TOOK: 0.000005
XE: 64.432714
YE: 64.614392
0.751478
TIME TO CALC CUM SUM TOOK: 0.000009
TIME TO CALC U TOOK: 0.000010
SENDING TO GPU TOOK: 0.000075
CUDA EXEC TOOK: 0.000503
SENDING BACK FROM GPU TOOK: 0.000035
TIME TO CALC NEW ARRAY X AND Y TOOK: 0.000615
TIME TO RESET WEIGHTS TOOK: 0.000009
PARTICLE FILTER TOOK 1.498915
ENTIRE PROGRAM TOOK 1.512454
