VIDEO SEQUENCE TOOK 0.009690
TIME TO GET NEIGHBORS TOOK: 0.000004
TIME TO GET WEIGHTSTOOK: 0.000011
TIME TO SET ERROR TOOK: 0.001153
TIME TO GET LIKELIHOODS TOOK: 0.004841
TIME TO GET EXP TOOK: 0.000058
TIME TO SUM WEIGHTS TOOK: 0.000004
TIME TO NORMALIZE WEIGHTS TOOK: 0.000007
TIME TO MOVE OBJECT TOOK: 0.000005
XE: 64.353813
YE: 64.451056
0.573268
TIME TO CALC CUM SUM TOOK: 0.000010
TIME TO CALC U TOOK: 0.000010
SENDING TO GPU TOOK: 0.000078
CUDA EXEC TOOK: 0.000503
SENDING BACK FROM GPU TOOK: 0.000043
TIME TO CALC NEW ARRAY X AND Y TOOK: 0.000627
TIME TO RESET WEIGHTS TOOK: 0.000009
PARTICLE FILTER TOOK 1.506756
ENTIRE PROGRAM TOOK 1.516446
