VIDEO SEQUENCE TOOK 0.012852
TIME TO GET NEIGHBORS TOOK: 0.000004
TIME TO GET WEIGHTSTOOK: 0.000012
TIME TO SET ERROR TOOK: 0.000439
TIME TO GET LIKELIHOODS TOOK: 0.003392
TIME TO GET EXP TOOK: 0.000040
TIME TO SUM WEIGHTS TOOK: 0.000003
TIME TO NORMALIZE WEIGHTS TOOK: 0.000007
TIME TO MOVE OBJECT TOOK: 0.000005
XE: 64.449681
YE: 64.488822
0.664199
TIME TO CALC CUM SUM TOOK: 0.000009
TIME TO CALC U TOOK: 0.000010
SENDING TO GPU TOOK: 0.000070
CUDA EXEC TOOK: 0.000429
SENDING BACK FROM GPU TOOK: 0.000030
TIME TO CALC NEW ARRAY X AND Y TOOK: 0.000532
TIME TO RESET WEIGHTS TOOK: 0.000008
PARTICLE FILTER TOOK 1.533060
ENTIRE PROGRAM TOOK 1.545912
