VIDEO SEQUENCE TOOK 0.007919
TIME TO GET NEIGHBORS TOOK: 0.000004
TIME TO GET WEIGHTSTOOK: 0.000011
TIME TO SET ERROR TOOK: 0.000469
TIME TO GET LIKELIHOODS TOOK: 0.003632
TIME TO GET EXP TOOK: 0.000050
TIME TO SUM WEIGHTS TOOK: 0.000004
TIME TO NORMALIZE WEIGHTS TOOK: 0.000008
TIME TO MOVE OBJECT TOOK: 0.000004
XE: 64.370282
YE: 64.292068
0.471606
TIME TO CALC CUM SUM TOOK: 0.000011
TIME TO CALC U TOOK: 0.000010
SENDING TO GPU TOOK: 0.000077
CUDA EXEC TOOK: 0.000477
SENDING BACK FROM GPU TOOK: 0.000042
TIME TO CALC NEW ARRAY X AND Y TOOK: 0.000599
TIME TO RESET WEIGHTS TOOK: 0.000009
PARTICLE FILTER TOOK 1.522708
ENTIRE PROGRAM TOOK 1.530627
