VIDEO SEQUENCE TOOK 0.008389
TIME TO GET NEIGHBORS TOOK: 0.000004
TIME TO GET WEIGHTSTOOK: 0.000012
TIME TO SET ERROR TOOK: 0.000525
TIME TO GET LIKELIHOODS TOOK: 0.005460
TIME TO GET EXP TOOK: 0.000044
TIME TO SUM WEIGHTS TOOK: 0.000004
TIME TO NORMALIZE WEIGHTS TOOK: 0.000007
TIME TO MOVE OBJECT TOOK: 0.000005
XE: 64.611373
YE: 64.477807
0.775936
TIME TO CALC CUM SUM TOOK: 0.000009
TIME TO CALC U TOOK: 0.000011
SENDING TO GPU TOOK: 0.000077
CUDA EXEC TOOK: 0.000402
SENDING BACK FROM GPU TOOK: 0.000037
TIME TO CALC NEW ARRAY X AND Y TOOK: 0.000518
TIME TO RESET WEIGHTS TOOK: 0.000010
PARTICLE FILTER TOOK 1.534771
ENTIRE PROGRAM TOOK 1.543160
