VIDEO SEQUENCE TOOK 0.009739
TIME TO GET NEIGHBORS TOOK: 0.000015
TIME TO GET WEIGHTSTOOK: 0.000204
TIME TO SET ERROR TOOK: 0.002456
TIME TO GET LIKELIHOODS TOOK: 0.029371
TIME TO GET EXP TOOK: 0.000211
TIME TO SUM WEIGHTS TOOK: 0.000025
TIME TO NORMALIZE WEIGHTS TOOK: 0.000039
TIME TO MOVE OBJECT TOOK: 0.000035
XE: 64.476595
YE: 64.478409
0.675291
TIME TO CALC CUM SUM TOOK: 0.000050
TIME TO CALC U TOOK: 0.000094
SENDING TO GPU TOOK: 0.000411
CUDA EXEC TOOK: 0.001673
SENDING BACK FROM GPU TOOK: 0.000134
TIME TO CALC NEW ARRAY X AND Y TOOK: 0.002222
TIME TO RESET WEIGHTS TOOK: 0.000064
PARTICLE FILTER TOOK 0.130572
ENTIRE PROGRAM TOOK 0.140311
