VIDEO SEQUENCE TOOK 0.008384
TIME TO GET NEIGHBORS TOOK: 0.000005
TIME TO GET WEIGHTSTOOK: 0.000011
TIME TO SET ERROR TOOK: 0.001207
TIME TO GET LIKELIHOODS TOOK: 0.004590
TIME TO GET EXP TOOK: 0.000041
TIME TO SUM WEIGHTS TOOK: 0.000003
TIME TO NORMALIZE WEIGHTS TOOK: 0.000007
TIME TO MOVE OBJECT TOOK: 0.000005
XE: 64.533248
YE: 64.490342
0.724424
TIME TO CALC CUM SUM TOOK: 0.000009
TIME TO CALC U TOOK: 0.000009
SENDING TO GPU TOOK: 0.000089
CUDA EXEC TOOK: 0.000370
SENDING BACK FROM GPU TOOK: 0.000035
TIME TO CALC NEW ARRAY X AND Y TOOK: 0.000497
TIME TO RESET WEIGHTS TOOK: 0.000009
PARTICLE FILTER TOOK 1.514862
ENTIRE PROGRAM TOOK 1.523246
