VIDEO SEQUENCE TOOK 0.007961
TIME TO GET NEIGHBORS TOOK: 0.000004
TIME TO GET WEIGHTSTOOK: 0.000012
TIME TO SET ERROR TOOK: 0.000868
TIME TO GET LIKELIHOODS TOOK: 0.004390
TIME TO GET EXP TOOK: 0.000046
TIME TO SUM WEIGHTS TOOK: 0.000003
TIME TO NORMALIZE WEIGHTS TOOK: 0.000008
TIME TO MOVE OBJECT TOOK: 0.000004
XE: 64.527682
YE: 64.698654
0.875537
TIME TO CALC CUM SUM TOOK: 0.000010
TIME TO CALC U TOOK: 0.000010
SENDING TO GPU TOOK: 0.000073
CUDA EXEC TOOK: 0.000349
SENDING BACK FROM GPU TOOK: 0.000033
TIME TO CALC NEW ARRAY X AND Y TOOK: 0.000458
TIME TO RESET WEIGHTS TOOK: 0.000009
PARTICLE FILTER TOOK 1.517153
ENTIRE PROGRAM TOOK 1.525114
