VIDEO SEQUENCE TOOK 0.010826
TIME TO GET NEIGHBORS TOOK: 0.000005
TIME TO GET WEIGHTSTOOK: 0.000012
TIME TO SET ERROR TOOK: 0.000466
TIME TO GET LIKELIHOODS TOOK: 0.003605
TIME TO GET EXP TOOK: 0.000044
TIME TO SUM WEIGHTS TOOK: 0.000004
TIME TO NORMALIZE WEIGHTS TOOK: 0.000007
TIME TO MOVE OBJECT TOOK: 0.000005
XE: 64.461295
YE: 64.440888
0.638103
TIME TO CALC CUM SUM TOOK: 0.000010
TIME TO CALC U TOOK: 0.000010
SENDING TO GPU TOOK: 0.000073
CUDA EXEC TOOK: 0.000379
SENDING BACK FROM GPU TOOK: 0.000039
TIME TO CALC NEW ARRAY X AND Y TOOK: 0.000493
TIME TO RESET WEIGHTS TOOK: 0.000009
PARTICLE FILTER TOOK 1.509277
ENTIRE PROGRAM TOOK 1.520103
