VIDEO SEQUENCE TOOK 0.008386
TIME TO GET NEIGHBORS TOOK: 0.000004
TIME TO GET WEIGHTSTOOK: 0.000012
TIME TO SET ERROR TOOK: 0.000844
TIME TO GET LIKELIHOODS TOOK: 0.008450
TIME TO GET EXP TOOK: 0.000094
TIME TO SUM WEIGHTS TOOK: 0.000009
TIME TO NORMALIZE WEIGHTS TOOK: 0.000017
TIME TO MOVE OBJECT TOOK: 0.000011
XE: 64.594159
YE: 64.570871
0.823965
TIME TO CALC CUM SUM TOOK: 0.000022
TIME TO CALC U TOOK: 0.000024
SENDING TO GPU TOOK: 0.000133
CUDA EXEC TOOK: 0.000424
SENDING BACK FROM GPU TOOK: 0.000064
TIME TO CALC NEW ARRAY X AND Y TOOK: 0.000627
TIME TO RESET WEIGHTS TOOK: 0.000022
PARTICLE FILTER TOOK 1.531669
ENTIRE PROGRAM TOOK 1.540055
