VIDEO SEQUENCE TOOK 0.013849
TIME TO GET NEIGHBORS TOOK: 0.000004
TIME TO GET WEIGHTSTOOK: 0.000012
TIME TO SET ERROR TOOK: 0.000437
TIME TO GET LIKELIHOODS TOOK: 0.003411
TIME TO GET EXP TOOK: 0.000041
TIME TO SUM WEIGHTS TOOK: 0.000004
TIME TO NORMALIZE WEIGHTS TOOK: 0.000007
TIME TO MOVE OBJECT TOOK: 0.000004
XE: 64.628769
YE: 64.321376
0.706139
TIME TO CALC CUM SUM TOOK: 0.000009
TIME TO CALC U TOOK: 0.000010
SENDING TO GPU TOOK: 0.000070
CUDA EXEC TOOK: 0.000454
SENDING BACK FROM GPU TOOK: 0.000030
TIME TO CALC NEW ARRAY X AND Y TOOK: 0.000556
TIME TO RESET WEIGHTS TOOK: 0.000009
PARTICLE FILTER TOOK 1.524533
ENTIRE PROGRAM TOOK 1.538382
