VIDEO SEQUENCE TOOK 0.012180
TIME TO GET NEIGHBORS TOOK: 0.000004
TIME TO GET WEIGHTSTOOK: 0.000011
TIME TO SET ERROR TOOK: 0.000533
TIME TO GET LIKELIHOODS TOOK: 0.006633
TIME TO GET EXP TOOK: 0.000041
TIME TO SUM WEIGHTS TOOK: 0.000004
TIME TO NORMALIZE WEIGHTS TOOK: 0.000007
TIME TO MOVE OBJECT TOOK: 0.000004
XE: 64.511642
YE: 64.498823
0.714564
TIME TO CALC CUM SUM TOOK: 0.000009
TIME TO CALC U TOOK: 0.000010
SENDING TO GPU TOOK: 0.000075
CUDA EXEC TOOK: 0.000413
SENDING BACK FROM GPU TOOK: 0.000036
TIME TO CALC NEW ARRAY X AND Y TOOK: 0.000526
TIME TO RESET WEIGHTS TOOK: 0.000009
PARTICLE FILTER TOOK 1.516952
ENTIRE PROGRAM TOOK 1.529132
