VIDEO SEQUENCE TOOK 0.008331
TIME TO GET NEIGHBORS TOOK: 0.000004
TIME TO GET WEIGHTSTOOK: 0.000011
TIME TO SET ERROR TOOK: 0.000464
TIME TO GET LIKELIHOODS TOOK: 0.003610
TIME TO GET EXP TOOK: 0.000045
TIME TO SUM WEIGHTS TOOK: 0.000004
TIME TO NORMALIZE WEIGHTS TOOK: 0.000007
TIME TO MOVE OBJECT TOOK: 0.000005
XE: 64.548531
YE: 64.565628
0.787922
TIME TO CALC CUM SUM TOOK: 0.000010
TIME TO CALC U TOOK: 0.000010
SENDING TO GPU TOOK: 0.000078
CUDA EXEC TOOK: 0.000483
SENDING BACK FROM GPU TOOK: 0.000037
TIME TO CALC NEW ARRAY X AND Y TOOK: 0.000600
TIME TO RESET WEIGHTS TOOK: 0.000010
PARTICLE FILTER TOOK 1.533511
ENTIRE PROGRAM TOOK 1.541842
