VIDEO SEQUENCE TOOK 0.009735
TIME TO GET NEIGHBORS TOOK: 0.000005
TIME TO GET WEIGHTSTOOK: 0.000012
TIME TO SET ERROR TOOK: 0.000438
TIME TO GET LIKELIHOODS TOOK: 0.003427
TIME TO GET EXP TOOK: 0.000046
TIME TO SUM WEIGHTS TOOK: 0.000003
TIME TO NORMALIZE WEIGHTS TOOK: 0.000018
TIME TO MOVE OBJECT TOOK: 0.000005
XE: 64.554593
YE: 64.559345
0.787680
TIME TO CALC CUM SUM TOOK: 0.000010
TIME TO CALC U TOOK: 0.000009
SENDING TO GPU TOOK: 0.000088
CUDA EXEC TOOK: 0.000483
SENDING BACK FROM GPU TOOK: 0.000034
TIME TO CALC NEW ARRAY X AND Y TOOK: 0.000608
TIME TO RESET WEIGHTS TOOK: 0.000009
PARTICLE FILTER TOOK 1.527115
ENTIRE PROGRAM TOOK 1.536850
