VIDEO SEQUENCE TOOK 0.007934
TIME TO GET NEIGHBORS TOOK: 0.000004
TIME TO GET WEIGHTSTOOK: 0.000011
TIME TO SET ERROR TOOK: 0.000437
TIME TO GET LIKELIHOODS TOOK: 0.003407
TIME TO GET EXP TOOK: 0.000043
TIME TO SUM WEIGHTS TOOK: 0.000003
TIME TO NORMALIZE WEIGHTS TOOK: 0.000007
TIME TO MOVE OBJECT TOOK: 0.000005
XE: 64.507795
YE: 64.480973
0.699422
TIME TO CALC CUM SUM TOOK: 0.000009
TIME TO CALC U TOOK: 0.000009
SENDING TO GPU TOOK: 0.000074
CUDA EXEC TOOK: 0.000428
SENDING BACK FROM GPU TOOK: 0.000036
TIME TO CALC NEW ARRAY X AND Y TOOK: 0.000541
TIME TO RESET WEIGHTS TOOK: 0.000008
PARTICLE FILTER TOOK 1.478168
ENTIRE PROGRAM TOOK 1.486102
