VIDEO SEQUENCE TOOK 0.005898
TIME TO GET NEIGHBORS TOOK: 0.000007
TIME TO GET WEIGHTSTOOK: 0.000085
TIME TO SET ERROR TOOK: 0.002457
TIME TO GET LIKELIHOODS TOOK: 0.029161
TIME TO GET EXP TOOK: 0.000211
TIME TO SUM WEIGHTS TOOK: 0.000025
TIME TO NORMALIZE WEIGHTS TOOK: 0.000039
TIME TO MOVE OBJECT TOOK: 0.000034
XE: 64.500068
YE: 64.437059
0.664145
TIME TO CALC CUM SUM TOOK: 0.000050
TIME TO CALC U TOOK: 0.000094
SENDING TO GPU TOOK: 0.000429
CUDA EXEC TOOK: 0.001672
SENDING BACK FROM GPU TOOK: 0.000135
TIME TO CALC NEW ARRAY X AND Y TOOK: 0.002240
TIME TO RESET WEIGHTS TOOK: 0.000063
PARTICLE FILTER TOOK 0.125000
ENTIRE PROGRAM TOOK 0.130898
