VIDEO SEQUENCE TOOK 0.013827
TIME TO GET NEIGHBORS TOOK: 0.000004
TIME TO GET WEIGHTSTOOK: 0.000011
TIME TO SET ERROR TOOK: 0.000983
TIME TO GET LIKELIHOODS TOOK: 0.005064
TIME TO GET EXP TOOK: 0.000041
TIME TO SUM WEIGHTS TOOK: 0.000003
TIME TO NORMALIZE WEIGHTS TOOK: 0.000007
TIME TO MOVE OBJECT TOOK: 0.000004
XE: 64.533509
YE: 64.477892
0.716249
TIME TO CALC CUM SUM TOOK: 0.000010
TIME TO CALC U TOOK: 0.000009
SENDING TO GPU TOOK: 0.000068
CUDA EXEC TOOK: 0.000423
SENDING BACK FROM GPU TOOK: 0.000031
TIME TO CALC NEW ARRAY X AND Y TOOK: 0.000525
TIME TO RESET WEIGHTS TOOK: 0.000008
PARTICLE FILTER TOOK 1.507965
ENTIRE PROGRAM TOOK 1.521792
