VIDEO SEQUENCE TOOK 0.008359
TIME TO GET NEIGHBORS TOOK: 0.000005
TIME TO GET WEIGHTSTOOK: 0.000011
TIME TO SET ERROR TOOK: 0.000437
TIME TO GET LIKELIHOODS TOOK: 0.005391
TIME TO GET EXP TOOK: 0.000062
TIME TO SUM WEIGHTS TOOK: 0.000006
TIME TO NORMALIZE WEIGHTS TOOK: 0.000011
TIME TO MOVE OBJECT TOOK: 0.000007
XE: 64.394399
YE: 64.469792
0.613396
TIME TO CALC CUM SUM TOOK: 0.000014
TIME TO CALC U TOOK: 0.000015
SENDING TO GPU TOOK: 0.000090
CUDA EXEC TOOK: 0.000503
SENDING BACK FROM GPU TOOK: 0.000044
TIME TO CALC NEW ARRAY X AND Y TOOK: 0.000640
TIME TO RESET WEIGHTS TOOK: 0.000009
PARTICLE FILTER TOOK 1.532986
ENTIRE PROGRAM TOOK 1.541345
