VIDEO SEQUENCE TOOK 0.012142
TIME TO GET NEIGHBORS TOOK: 0.000005
TIME TO GET WEIGHTSTOOK: 0.000011
TIME TO SET ERROR TOOK: 0.000439
TIME TO GET LIKELIHOODS TOOK: 0.003445
TIME TO GET EXP TOOK: 0.000042
TIME TO SUM WEIGHTS TOOK: 0.000003
TIME TO NORMALIZE WEIGHTS TOOK: 0.000007
TIME TO MOVE OBJECT TOOK: 0.000005
XE: 64.464361
YE: 64.409994
0.619457
TIME TO CALC CUM SUM TOOK: 0.000009
TIME TO CALC U TOOK: 0.000009
SENDING TO GPU TOOK: 0.000074
CUDA EXEC TOOK: 0.000488
SENDING BACK FROM GPU TOOK: 0.000035
TIME TO CALC NEW ARRAY X AND Y TOOK: 0.000600
TIME TO RESET WEIGHTS TOOK: 0.000009
PARTICLE FILTER TOOK 1.530159
ENTIRE PROGRAM TOOK 1.542301
