VIDEO SEQUENCE TOOK 0.008080
TIME TO GET NEIGHBORS TOOK: 0.000004
TIME TO GET WEIGHTSTOOK: 0.000011
TIME TO SET ERROR TOOK: 0.000584
TIME TO GET LIKELIHOODS TOOK: 0.005879
TIME TO GET EXP TOOK: 0.000046
TIME TO SUM WEIGHTS TOOK: 0.000004
TIME TO NORMALIZE WEIGHTS TOOK: 0.000007
TIME TO MOVE OBJECT TOOK: 0.000005
XE: 64.378950
YE: 64.467698
0.601951
TIME TO CALC CUM SUM TOOK: 0.000009
TIME TO CALC U TOOK: 0.000010
SENDING TO GPU TOOK: 0.000078
CUDA EXEC TOOK: 0.000501
SENDING BACK FROM GPU TOOK: 0.000042
TIME TO CALC NEW ARRAY X AND Y TOOK: 0.000625
TIME TO RESET WEIGHTS TOOK: 0.000009
PARTICLE FILTER TOOK 1.502318
ENTIRE PROGRAM TOOK 1.510398
