VIDEO SEQUENCE TOOK 0.008574
TIME TO GET NEIGHBORS TOOK: 0.000004
TIME TO GET WEIGHTSTOOK: 0.000011
TIME TO SET ERROR TOOK: 0.001211
TIME TO GET LIKELIHOODS TOOK: 0.007415
TIME TO GET EXP TOOK: 0.000041
TIME TO SUM WEIGHTS TOOK: 0.000004
TIME TO NORMALIZE WEIGHTS TOOK: 0.000006
TIME TO MOVE OBJECT TOOK: 0.000005
XE: 64.459681
YE: 64.394476
0.605737
TIME TO CALC CUM SUM TOOK: 0.000009
TIME TO CALC U TOOK: 0.000010
SENDING TO GPU TOOK: 0.000076
CUDA EXEC TOOK: 0.000376
SENDING BACK FROM GPU TOOK: 0.000035
TIME TO CALC NEW ARRAY X AND Y TOOK: 0.000489
TIME TO RESET WEIGHTS TOOK: 0.000009
PARTICLE FILTER TOOK 1.524051
ENTIRE PROGRAM TOOK 1.532625
