VIDEO SEQUENCE TOOK 0.008472
TIME TO GET NEIGHBORS TOOK: 0.000005
TIME TO GET WEIGHTSTOOK: 0.000011
TIME TO SET ERROR TOOK: 0.000535
TIME TO GET LIKELIHOODS TOOK: 0.005477
TIME TO GET EXP TOOK: 0.000042
TIME TO SUM WEIGHTS TOOK: 0.000003
TIME TO NORMALIZE WEIGHTS TOOK: 0.000007
TIME TO MOVE OBJECT TOOK: 0.000004
XE: 64.272682
YE: 64.470474
0.543785
TIME TO CALC CUM SUM TOOK: 0.000009
TIME TO CALC U TOOK: 0.000010
SENDING TO GPU TOOK: 0.000075
CUDA EXEC TOOK: 0.000372
SENDING BACK FROM GPU TOOK: 0.000035
TIME TO CALC NEW ARRAY X AND Y TOOK: 0.000484
TIME TO RESET WEIGHTS TOOK: 0.000009
PARTICLE FILTER TOOK 1.513712
ENTIRE PROGRAM TOOK 1.522184
