VIDEO SEQUENCE TOOK 0.008079
TIME TO GET NEIGHBORS TOOK: 0.000006
TIME TO GET WEIGHTSTOOK: 0.000082
TIME TO SET ERROR TOOK: 0.002451
TIME TO GET LIKELIHOODS TOOK: 0.029226
TIME TO GET EXP TOOK: 0.000211
TIME TO SUM WEIGHTS TOOK: 0.000026
TIME TO NORMALIZE WEIGHTS TOOK: 0.000038
TIME TO MOVE OBJECT TOOK: 0.000035
XE: 64.500068
YE: 64.437059
0.664145
TIME TO CALC CUM SUM TOOK: 0.000049
TIME TO CALC U TOOK: 0.000093
SENDING TO GPU TOOK: 0.000453
CUDA EXEC TOOK: 0.001672
SENDING BACK FROM GPU TOOK: 0.000133
TIME TO CALC NEW ARRAY X AND Y TOOK: 0.002262
TIME TO RESET WEIGHTS TOOK: 0.000064
PARTICLE FILTER TOOK 0.129584
ENTIRE PROGRAM TOOK 0.137663
