VIDEO SEQUENCE TOOK 0.012526
TIME TO GET NEIGHBORS TOOK: 0.000003
TIME TO GET WEIGHTSTOOK: 0.000011
TIME TO SET ERROR TOOK: 0.000725
TIME TO GET LIKELIHOODS TOOK: 0.003409
TIME TO GET EXP TOOK: 0.000041
TIME TO SUM WEIGHTS TOOK: 0.000003
TIME TO NORMALIZE WEIGHTS TOOK: 0.000007
TIME TO MOVE OBJECT TOOK: 0.000005
XE: 64.430910
YE: 64.196715
0.473688
TIME TO CALC CUM SUM TOOK: 0.000009
TIME TO CALC U TOOK: 0.000009
SENDING TO GPU TOOK: 0.000074
CUDA EXEC TOOK: 0.000470
SENDING BACK FROM GPU TOOK: 0.000036
TIME TO CALC NEW ARRAY X AND Y TOOK: 0.000583
TIME TO RESET WEIGHTS TOOK: 0.000009
PARTICLE FILTER TOOK 1.519128
ENTIRE PROGRAM TOOK 1.531654
