VIDEO SEQUENCE TOOK 0.007914
TIME TO GET NEIGHBORS TOOK: 0.000004
TIME TO GET WEIGHTSTOOK: 0.000011
TIME TO SET ERROR TOOK: 0.000437
TIME TO GET LIKELIHOODS TOOK: 0.008639
TIME TO GET EXP TOOK: 0.000042
TIME TO SUM WEIGHTS TOOK: 0.000003
TIME TO NORMALIZE WEIGHTS TOOK: 0.000007
TIME TO MOVE OBJECT TOOK: 0.000005
XE: 64.384516
YE: 64.368012
0.532246
TIME TO CALC CUM SUM TOOK: 0.000009
TIME TO CALC U TOOK: 0.000010
SENDING TO GPU TOOK: 0.000069
CUDA EXEC TOOK: 0.000391
SENDING BACK FROM GPU TOOK: 0.000031
TIME TO CALC NEW ARRAY X AND Y TOOK: 0.000493
TIME TO RESET WEIGHTS TOOK: 0.000009
PARTICLE FILTER TOOK 1.522969
ENTIRE PROGRAM TOOK 1.530883
