VIDEO SEQUENCE TOOK 0.008114
TIME TO GET NEIGHBORS TOOK: 0.000004
TIME TO GET WEIGHTSTOOK: 0.000012
TIME TO SET ERROR TOOK: 0.000494
TIME TO GET LIKELIHOODS TOOK: 0.003809
TIME TO GET EXP TOOK: 0.000044
TIME TO SUM WEIGHTS TOOK: 0.000004
TIME TO NORMALIZE WEIGHTS TOOK: 0.000007
TIME TO MOVE OBJECT TOOK: 0.000005
XE: 64.284457
YE: 64.582381
0.648138
TIME TO CALC CUM SUM TOOK: 0.000010
TIME TO CALC U TOOK: 0.000009
SENDING TO GPU TOOK: 0.000077
CUDA EXEC TOOK: 0.000505
SENDING BACK FROM GPU TOOK: 0.000038
TIME TO CALC NEW ARRAY X AND Y TOOK: 0.000624
TIME TO RESET WEIGHTS TOOK: 0.000009
PARTICLE FILTER TOOK 1.522649
ENTIRE PROGRAM TOOK 1.530763
