VIDEO SEQUENCE TOOK 0.008678
TIME TO GET NEIGHBORS TOOK: 0.000004
TIME TO GET WEIGHTSTOOK: 0.000012
TIME TO SET ERROR TOOK: 0.000673
TIME TO GET LIKELIHOODS TOOK: 0.005451
TIME TO GET EXP TOOK: 0.000045
TIME TO SUM WEIGHTS TOOK: 0.000004
TIME TO NORMALIZE WEIGHTS TOOK: 0.000008
TIME TO MOVE OBJECT TOOK: 0.000004
XE: 64.510643
YE: 64.572200
0.766922
TIME TO CALC CUM SUM TOOK: 0.000010
TIME TO CALC U TOOK: 0.000010
SENDING TO GPU TOOK: 0.000081
CUDA EXEC TOOK: 0.000491
SENDING BACK FROM GPU TOOK: 0.000044
TIME TO CALC NEW ARRAY X AND Y TOOK: 0.000619
TIME TO RESET WEIGHTS TOOK: 0.000010
PARTICLE FILTER TOOK 1.504277
ENTIRE PROGRAM TOOK 1.512955
