VIDEO SEQUENCE TOOK 0.013930
TIME TO GET NEIGHBORS TOOK: 0.000004
TIME TO GET WEIGHTSTOOK: 0.000012
TIME TO SET ERROR TOOK: 0.000824
TIME TO GET LIKELIHOODS TOOK: 0.009532
TIME TO GET EXP TOOK: 0.000045
TIME TO SUM WEIGHTS TOOK: 0.000004
TIME TO NORMALIZE WEIGHTS TOOK: 0.000007
TIME TO MOVE OBJECT TOOK: 0.000005
XE: 64.394114
YE: 64.109354
0.409003
TIME TO CALC CUM SUM TOOK: 0.000010
TIME TO CALC U TOOK: 0.000010
SENDING TO GPU TOOK: 0.000078
CUDA EXEC TOOK: 0.000172
SENDING BACK FROM GPU TOOK: 0.000037
TIME TO CALC NEW ARRAY X AND Y TOOK: 0.000289
TIME TO RESET WEIGHTS TOOK: 0.000010
PARTICLE FILTER TOOK 1.515456
ENTIRE PROGRAM TOOK 1.529386
