VIDEO SEQUENCE TOOK 0.008403
TIME TO GET NEIGHBORS TOOK: 0.000004
TIME TO GET WEIGHTSTOOK: 0.000012
TIME TO SET ERROR TOOK: 0.001094
TIME TO GET LIKELIHOODS TOOK: 0.005045
TIME TO GET EXP TOOK: 0.000041
TIME TO SUM WEIGHTS TOOK: 0.000003
TIME TO NORMALIZE WEIGHTS TOOK: 0.000007
TIME TO MOVE OBJECT TOOK: 0.000005
XE: 64.483682
YE: 64.526449
0.714911
TIME TO CALC CUM SUM TOOK: 0.000009
TIME TO CALC U TOOK: 0.000009
SENDING TO GPU TOOK: 0.000075
CUDA EXEC TOOK: 0.000344
SENDING BACK FROM GPU TOOK: 0.000035
TIME TO CALC NEW ARRAY X AND Y TOOK: 0.000457
TIME TO RESET WEIGHTS TOOK: 0.000008
PARTICLE FILTER TOOK 1.544473
ENTIRE PROGRAM TOOK 1.552876
