VIDEO SEQUENCE TOOK 0.012518
TIME TO GET NEIGHBORS TOOK: 0.000004
TIME TO GET WEIGHTSTOOK: 0.000011
TIME TO SET ERROR TOOK: 0.000474
TIME TO GET LIKELIHOODS TOOK: 0.004397
TIME TO GET EXP TOOK: 0.000051
TIME TO SUM WEIGHTS TOOK: 0.000005
TIME TO NORMALIZE WEIGHTS TOOK: 0.000009
TIME TO MOVE OBJECT TOOK: 0.000006
XE: 64.674055
YE: 64.323081
0.747483
TIME TO CALC CUM SUM TOOK: 0.000012
TIME TO CALC U TOOK: 0.000012
SENDING TO GPU TOOK: 0.000080
CUDA EXEC TOOK: 0.000494
SENDING BACK FROM GPU TOOK: 0.000036
TIME TO CALC NEW ARRAY X AND Y TOOK: 0.000613
TIME TO RESET WEIGHTS TOOK: 0.000011
PARTICLE FILTER TOOK 1.490587
ENTIRE PROGRAM TOOK 1.503105
