VIDEO SEQUENCE TOOK 0.014026
TIME TO GET NEIGHBORS TOOK: 0.000004
TIME TO GET WEIGHTSTOOK: 0.000011
TIME TO SET ERROR TOOK: 0.001099
TIME TO GET LIKELIHOODS TOOK: 0.006104
TIME TO GET EXP TOOK: 0.000044
TIME TO SUM WEIGHTS TOOK: 0.000004
TIME TO NORMALIZE WEIGHTS TOOK: 0.000007
TIME TO MOVE OBJECT TOOK: 0.000005
XE: 64.601037
YE: 64.479945
0.769150
TIME TO CALC CUM SUM TOOK: 0.000010
TIME TO CALC U TOOK: 0.000010
SENDING TO GPU TOOK: 0.000078
CUDA EXEC TOOK: 0.000449
SENDING BACK FROM GPU TOOK: 0.000043
TIME TO CALC NEW ARRAY X AND Y TOOK: 0.000573
TIME TO RESET WEIGHTS TOOK: 0.000009
PARTICLE FILTER TOOK 1.518193
ENTIRE PROGRAM TOOK 1.532219
