VIDEO SEQUENCE TOOK 0.005928
TIME TO GET NEIGHBORS TOOK: 0.000007
TIME TO GET WEIGHTSTOOK: 0.000089
TIME TO SET ERROR TOOK: 0.002429
TIME TO GET LIKELIHOODS TOOK: 0.029187
TIME TO GET EXP TOOK: 0.000212
TIME TO SUM WEIGHTS TOOK: 0.000025
TIME TO NORMALIZE WEIGHTS TOOK: 0.000039
TIME TO MOVE OBJECT TOOK: 0.000034
XE: 64.500068
YE: 64.437059
0.664145
TIME TO CALC CUM SUM TOOK: 0.000051
TIME TO CALC U TOOK: 0.000094
SENDING TO GPU TOOK: 0.000437
CUDA EXEC TOOK: 0.001671
SENDING BACK FROM GPU TOOK: 0.000132
TIME TO CALC NEW ARRAY X AND Y TOOK: 0.002244
TIME TO RESET WEIGHTS TOOK: 0.000063
PARTICLE FILTER TOOK 0.125094
ENTIRE PROGRAM TOOK 0.131022
