VIDEO SEQUENCE TOOK 0.009637
TIME TO GET NEIGHBORS TOOK: 0.000004
TIME TO GET WEIGHTSTOOK: 0.000012
TIME TO SET ERROR TOOK: 0.001062
TIME TO GET LIKELIHOODS TOOK: 0.005761
TIME TO GET EXP TOOK: 0.000041
TIME TO SUM WEIGHTS TOOK: 0.000003
TIME TO NORMALIZE WEIGHTS TOOK: 0.000007
TIME TO MOVE OBJECT TOOK: 0.000004
XE: 64.744927
YE: 64.199323
0.771132
TIME TO CALC CUM SUM TOOK: 0.000010
TIME TO CALC U TOOK: 0.000009
SENDING TO GPU TOOK: 0.000075
CUDA EXEC TOOK: 0.000460
SENDING BACK FROM GPU TOOK: 0.000037
TIME TO CALC NEW ARRAY X AND Y TOOK: 0.000575
TIME TO RESET WEIGHTS TOOK: 0.000009
PARTICLE FILTER TOOK 1.544885
ENTIRE PROGRAM TOOK 1.554522
