VIDEO SEQUENCE TOOK 0.008005
TIME TO GET NEIGHBORS TOOK: 0.000005
TIME TO GET WEIGHTSTOOK: 0.000011
TIME TO SET ERROR TOOK: 0.000486
TIME TO GET LIKELIHOODS TOOK: 0.003587
TIME TO GET EXP TOOK: 0.000043
TIME TO SUM WEIGHTS TOOK: 0.000004
TIME TO NORMALIZE WEIGHTS TOOK: 0.000007
TIME TO MOVE OBJECT TOOK: 0.000005
XE: 64.413011
YE: 64.541955
0.681391
TIME TO CALC CUM SUM TOOK: 0.000010
TIME TO CALC U TOOK: 0.000010
SENDING TO GPU TOOK: 0.000072
CUDA EXEC TOOK: 0.000449
SENDING BACK FROM GPU TOOK: 0.000032
TIME TO CALC NEW ARRAY X AND Y TOOK: 0.000556
TIME TO RESET WEIGHTS TOOK: 0.000009
PARTICLE FILTER TOOK 1.538693
ENTIRE PROGRAM TOOK 1.546698
