VIDEO SEQUENCE TOOK 0.008127
TIME TO GET NEIGHBORS TOOK: 0.000005
TIME TO GET WEIGHTSTOOK: 0.000014
TIME TO SET ERROR TOOK: 0.001084
TIME TO GET LIKELIHOODS TOOK: 0.006911
TIME TO GET EXP TOOK: 0.000040
TIME TO SUM WEIGHTS TOOK: 0.000004
TIME TO NORMALIZE WEIGHTS TOOK: 0.000007
TIME TO MOVE OBJECT TOOK: 0.000004
XE: 64.384393
YE: 64.450601
0.592283
TIME TO CALC CUM SUM TOOK: 0.000009
TIME TO CALC U TOOK: 0.000010
SENDING TO GPU TOOK: 0.000074
CUDA EXEC TOOK: 0.000481
SENDING BACK FROM GPU TOOK: 0.000035
TIME TO CALC NEW ARRAY X AND Y TOOK: 0.000593
TIME TO RESET WEIGHTS TOOK: 0.000009
PARTICLE FILTER TOOK 1.512853
ENTIRE PROGRAM TOOK 1.520980
