VIDEO SEQUENCE TOOK 0.008831
TIME TO GET NEIGHBORS TOOK: 0.000004
TIME TO GET WEIGHTSTOOK: 0.000012
TIME TO SET ERROR TOOK: 0.000827
TIME TO GET LIKELIHOODS TOOK: 0.009610
TIME TO GET EXP TOOK: 0.000042
TIME TO SUM WEIGHTS TOOK: 0.000003
TIME TO NORMALIZE WEIGHTS TOOK: 0.000007
TIME TO MOVE OBJECT TOOK: 0.000005
XE: 64.474838
YE: 64.455001
0.657645
TIME TO CALC CUM SUM TOOK: 0.000009
TIME TO CALC U TOOK: 0.000009
SENDING TO GPU TOOK: 0.000068
CUDA EXEC TOOK: 0.000455
SENDING BACK FROM GPU TOOK: 0.000031
TIME TO CALC NEW ARRAY X AND Y TOOK: 0.000557
TIME TO RESET WEIGHTS TOOK: 0.000009
PARTICLE FILTER TOOK 1.533201
ENTIRE PROGRAM TOOK 1.542032
