VIDEO SEQUENCE TOOK 0.013239
TIME TO GET NEIGHBORS TOOK: 0.000004
TIME TO GET WEIGHTSTOOK: 0.000011
TIME TO SET ERROR TOOK: 0.001094
TIME TO GET LIKELIHOODS TOOK: 0.008795
TIME TO GET EXP TOOK: 0.000042
TIME TO SUM WEIGHTS TOOK: 0.000003
TIME TO NORMALIZE WEIGHTS TOOK: 0.000007
TIME TO MOVE OBJECT TOOK: 0.000004
XE: 64.683199
YE: 64.484275
0.837426
TIME TO CALC CUM SUM TOOK: 0.000009
TIME TO CALC U TOOK: 0.000010
SENDING TO GPU TOOK: 0.000069
CUDA EXEC TOOK: 0.000423
SENDING BACK FROM GPU TOOK: 0.000031
TIME TO CALC NEW ARRAY X AND Y TOOK: 0.000525
TIME TO RESET WEIGHTS TOOK: 0.000009
PARTICLE FILTER TOOK 1.516065
ENTIRE PROGRAM TOOK 1.529304
