VIDEO SEQUENCE TOOK 0.008261
TIME TO GET NEIGHBORS TOOK: 0.000004
TIME TO GET WEIGHTSTOOK: 0.000011
TIME TO SET ERROR TOOK: 0.000484
TIME TO GET LIKELIHOODS TOOK: 0.003609
TIME TO GET EXP TOOK: 0.000044
TIME TO SUM WEIGHTS TOOK: 0.000004
TIME TO NORMALIZE WEIGHTS TOOK: 0.000007
TIME TO MOVE OBJECT TOOK: 0.000005
XE: 64.593196
YE: 64.599302
0.843235
TIME TO CALC CUM SUM TOOK: 0.000010
TIME TO CALC U TOOK: 0.000010
SENDING TO GPU TOOK: 0.000078
CUDA EXEC TOOK: 0.000492
SENDING BACK FROM GPU TOOK: 0.000044
TIME TO CALC NEW ARRAY X AND Y TOOK: 0.000616
TIME TO RESET WEIGHTS TOOK: 0.000009
PARTICLE FILTER TOOK 1.526819
ENTIRE PROGRAM TOOK 1.535080
