VIDEO SEQUENCE TOOK 0.012597
TIME TO GET NEIGHBORS TOOK: 0.000004
TIME TO GET WEIGHTSTOOK: 0.000012
TIME TO SET ERROR TOOK: 0.001277
TIME TO GET LIKELIHOODS TOOK: 0.003909
TIME TO GET EXP TOOK: 0.000046
TIME TO SUM WEIGHTS TOOK: 0.000003
TIME TO NORMALIZE WEIGHTS TOOK: 0.000008
TIME TO MOVE OBJECT TOOK: 0.000004
XE: 64.525473
YE: 64.383711
0.650658
TIME TO CALC CUM SUM TOOK: 0.000010
TIME TO CALC U TOOK: 0.000010
SENDING TO GPU TOOK: 0.000078
CUDA EXEC TOOK: 0.000400
SENDING BACK FROM GPU TOOK: 0.000033
TIME TO CALC NEW ARRAY X AND Y TOOK: 0.000514
TIME TO RESET WEIGHTS TOOK: 0.000009
PARTICLE FILTER TOOK 1.528286
ENTIRE PROGRAM TOOK 1.540883
