VIDEO SEQUENCE TOOK 0.011719
TIME TO GET NEIGHBORS TOOK: 0.000005
TIME TO GET WEIGHTSTOOK: 0.000011
TIME TO SET ERROR TOOK: 0.000438
TIME TO GET LIKELIHOODS TOOK: 0.003408
TIME TO GET EXP TOOK: 0.000041
TIME TO SUM WEIGHTS TOOK: 0.000003
TIME TO NORMALIZE WEIGHTS TOOK: 0.000007
TIME TO MOVE OBJECT TOOK: 0.000004
XE: 64.594897
YE: 63.461610
0.802351
TIME TO CALC CUM SUM TOOK: 0.000010
TIME TO CALC U TOOK: 0.000010
SENDING TO GPU TOOK: 0.000074
CUDA EXEC TOOK: 0.000498
SENDING BACK FROM GPU TOOK: 0.000035
TIME TO CALC NEW ARRAY X AND Y TOOK: 0.000609
TIME TO RESET WEIGHTS TOOK: 0.000009
PARTICLE FILTER TOOK 1.510341
ENTIRE PROGRAM TOOK 1.522060
