VIDEO SEQUENCE TOOK 0.009438
TIME TO GET NEIGHBORS TOOK: 0.000004
TIME TO GET WEIGHTSTOOK: 0.000011
TIME TO SET ERROR TOOK: 0.000887
TIME TO GET LIKELIHOODS TOOK: 0.007757
TIME TO GET EXP TOOK: 0.000044
TIME TO SUM WEIGHTS TOOK: 0.000004
TIME TO NORMALIZE WEIGHTS TOOK: 0.000008
TIME TO MOVE OBJECT TOOK: 0.000004
XE: 64.535817
YE: 64.174561
0.563535
TIME TO CALC CUM SUM TOOK: 0.000010
TIME TO CALC U TOOK: 0.000010
SENDING TO GPU TOOK: 0.000079
CUDA EXEC TOOK: 0.000467
SENDING BACK FROM GPU TOOK: 0.000037
TIME TO CALC NEW ARRAY X AND Y TOOK: 0.000585
TIME TO RESET WEIGHTS TOOK: 0.000009
PARTICLE FILTER TOOK 1.523978
ENTIRE PROGRAM TOOK 1.533416
