VIDEO SEQUENCE TOOK 0.009822
TIME TO GET NEIGHBORS TOOK: 0.000004
TIME TO GET WEIGHTSTOOK: 0.000012
TIME TO SET ERROR TOOK: 0.000438
TIME TO GET LIKELIHOODS TOOK: 0.003445
TIME TO GET EXP TOOK: 0.000041
TIME TO SUM WEIGHTS TOOK: 0.000004
TIME TO NORMALIZE WEIGHTS TOOK: 0.000007
TIME TO MOVE OBJECT TOOK: 0.000004
XE: 64.562616
YE: 64.427992
0.706904
TIME TO CALC CUM SUM TOOK: 0.000009
TIME TO CALC U TOOK: 0.000011
SENDING TO GPU TOOK: 0.000075
CUDA EXEC TOOK: 0.000497
SENDING BACK FROM GPU TOOK: 0.000035
TIME TO CALC NEW ARRAY X AND Y TOOK: 0.000609
TIME TO RESET WEIGHTS TOOK: 0.000009
PARTICLE FILTER TOOK 1.520550
ENTIRE PROGRAM TOOK 1.530372
