VIDEO SEQUENCE TOOK 0.004537
TIME TO GET NEIGHBORS TOOK: 0.000003
TIME TO GET WEIGHTSTOOK: 0.000003
TIME TO SET ERROR TOOK: 0.000265
TIME TO GET LIKELIHOODS TOOK: 0.000905
TIME TO GET EXP TOOK: 0.000033
TIME TO SUM WEIGHTS TOOK: 0.000002
TIME TO NORMALIZE WEIGHTS TOOK: 0.000003
TIME TO MOVE OBJECT TOOK: 0.000001
XE: 64.504345
YE: 64.526740
0.729259
TIME TO CALC CUM SUM TOOK: 0.000008
TIME TO CALC U TOOK: 0.000004
SENDING TO GPU TOOK: 0.000086
CUDA EXEC TOOK: 0.000236
SENDING BACK FROM GPU TOOK: 0.000042
TIME TO CALC NEW ARRAY X AND Y TOOK: 0.000367
TIME TO RESET WEIGHTS TOOK: 0.000004
PARTICLE FILTER TOOK 5.210066
ENTIRE PROGRAM TOOK 5.214603
