VIDEO SEQUENCE TOOK 0.013350
TIME TO GET NEIGHBORS TOOK: 0.000004
TIME TO GET WEIGHTSTOOK: 0.000011
TIME TO SET ERROR TOOK: 0.000727
TIME TO GET LIKELIHOODS TOOK: 0.006088
TIME TO GET EXP TOOK: 0.000044
TIME TO SUM WEIGHTS TOOK: 0.000004
TIME TO NORMALIZE WEIGHTS TOOK: 0.000007
TIME TO MOVE OBJECT TOOK: 0.000005
XE: 64.609453
YE: 64.527276
0.805886
TIME TO CALC CUM SUM TOOK: 0.000010
TIME TO CALC U TOOK: 0.000010
SENDING TO GPU TOOK: 0.000078
CUDA EXEC TOOK: 0.000505
SENDING BACK FROM GPU TOOK: 0.000038
TIME TO CALC NEW ARRAY X AND Y TOOK: 0.000624
TIME TO RESET WEIGHTS TOOK: 0.000009
PARTICLE FILTER TOOK 1.486500
ENTIRE PROGRAM TOOK 1.499850
