VIDEO SEQUENCE TOOK 0.008396
TIME TO GET NEIGHBORS TOOK: 0.000004
TIME TO GET WEIGHTSTOOK: 0.000012
TIME TO SET ERROR TOOK: 0.000856
TIME TO GET LIKELIHOODS TOOK: 0.006126
TIME TO GET EXP TOOK: 0.000041
TIME TO SUM WEIGHTS TOOK: 0.000004
TIME TO NORMALIZE WEIGHTS TOOK: 0.000007
TIME TO MOVE OBJECT TOOK: 0.000004
XE: 64.395923
YE: 64.326743
0.513339
TIME TO CALC CUM SUM TOOK: 0.000009
TIME TO CALC U TOOK: 0.000010
SENDING TO GPU TOOK: 0.000075
CUDA EXEC TOOK: 0.000401
SENDING BACK FROM GPU TOOK: 0.000036
TIME TO CALC NEW ARRAY X AND Y TOOK: 0.000514
TIME TO RESET WEIGHTS TOOK: 0.000009
PARTICLE FILTER TOOK 1.532636
ENTIRE PROGRAM TOOK 1.541032
