VIDEO SEQUENCE TOOK 0.008032
TIME TO GET NEIGHBORS TOOK: 0.000004
TIME TO GET WEIGHTSTOOK: 0.000012
TIME TO SET ERROR TOOK: 0.000474
TIME TO GET LIKELIHOODS TOOK: 0.003406
TIME TO GET EXP TOOK: 0.000040
TIME TO SUM WEIGHTS TOOK: 0.000004
TIME TO NORMALIZE WEIGHTS TOOK: 0.000007
TIME TO MOVE OBJECT TOOK: 0.000004
XE: 64.398940
YE: 64.416301
0.576593
TIME TO CALC CUM SUM TOOK: 0.000009
TIME TO CALC U TOOK: 0.000010
SENDING TO GPU TOOK: 0.000074
CUDA EXEC TOOK: 0.000414
SENDING BACK FROM GPU TOOK: 0.000036
TIME TO CALC NEW ARRAY X AND Y TOOK: 0.000526
TIME TO RESET WEIGHTS TOOK: 0.000009
PARTICLE FILTER TOOK 1.501751
ENTIRE PROGRAM TOOK 1.509783
