VIDEO SEQUENCE TOOK 0.008124
TIME TO GET NEIGHBORS TOOK: 0.000004
TIME TO GET WEIGHTSTOOK: 0.000011
TIME TO SET ERROR TOOK: 0.000771
TIME TO GET LIKELIHOODS TOOK: 0.006028
TIME TO GET EXP TOOK: 0.000042
TIME TO SUM WEIGHTS TOOK: 0.000003
TIME TO NORMALIZE WEIGHTS TOOK: 0.000007
TIME TO MOVE OBJECT TOOK: 0.000005
XE: 64.612619
YE: 64.427840
0.747227
TIME TO CALC CUM SUM TOOK: 0.000009
TIME TO CALC U TOOK: 0.000010
SENDING TO GPU TOOK: 0.000068
CUDA EXEC TOOK: 0.000444
SENDING BACK FROM GPU TOOK: 0.000036
TIME TO CALC NEW ARRAY X AND Y TOOK: 0.000550
TIME TO RESET WEIGHTS TOOK: 0.000008
PARTICLE FILTER TOOK 1.522701
ENTIRE PROGRAM TOOK 1.530825
