VIDEO SEQUENCE TOOK 0.014234
TIME TO GET NEIGHBORS TOOK: 0.000004
TIME TO GET WEIGHTSTOOK: 0.000011
TIME TO SET ERROR TOOK: 0.000840
TIME TO GET LIKELIHOODS TOOK: 0.006374
TIME TO GET EXP TOOK: 0.000041
TIME TO SUM WEIGHTS TOOK: 0.000004
TIME TO NORMALIZE WEIGHTS TOOK: 0.000007
TIME TO MOVE OBJECT TOOK: 0.000004
XE: 64.561658
YE: 64.540413
0.779427
TIME TO CALC CUM SUM TOOK: 0.000009
TIME TO CALC U TOOK: 0.000010
SENDING TO GPU TOOK: 0.000075
CUDA EXEC TOOK: 0.000421
SENDING BACK FROM GPU TOOK: 0.000035
TIME TO CALC NEW ARRAY X AND Y TOOK: 0.000533
TIME TO RESET WEIGHTS TOOK: 0.000008
PARTICLE FILTER TOOK 1.526395
ENTIRE PROGRAM TOOK 1.540629
