VIDEO SEQUENCE TOOK 0.008883
TIME TO GET NEIGHBORS TOOK: 0.000004
TIME TO GET WEIGHTSTOOK: 0.000012
TIME TO SET ERROR TOOK: 0.001268
TIME TO GET LIKELIHOODS TOOK: 0.006981
TIME TO GET EXP TOOK: 0.000041
TIME TO SUM WEIGHTS TOOK: 0.000004
TIME TO NORMALIZE WEIGHTS TOOK: 0.000007
TIME TO MOVE OBJECT TOOK: 0.000004
XE: 64.472288
YE: 64.585170
0.751984
TIME TO CALC CUM SUM TOOK: 0.000009
TIME TO CALC U TOOK: 0.000010
SENDING TO GPU TOOK: 0.000069
CUDA EXEC TOOK: 0.000468
SENDING BACK FROM GPU TOOK: 0.000032
TIME TO CALC NEW ARRAY X AND Y TOOK: 0.000571
TIME TO RESET WEIGHTS TOOK: 0.000008
PARTICLE FILTER TOOK 1.544578
ENTIRE PROGRAM TOOK 1.553461
