VIDEO SEQUENCE TOOK 0.009590
TIME TO GET NEIGHBORS TOOK: 0.000004
TIME TO GET WEIGHTSTOOK: 0.000012
TIME TO SET ERROR TOOK: 0.001088
TIME TO GET LIKELIHOODS TOOK: 0.008326
TIME TO GET EXP TOOK: 0.000094
TIME TO SUM WEIGHTS TOOK: 0.000008
TIME TO NORMALIZE WEIGHTS TOOK: 0.000017
TIME TO MOVE OBJECT TOOK: 0.000011
XE: 64.533060
YE: 64.296782
0.610108
TIME TO CALC CUM SUM TOOK: 0.000043
TIME TO CALC U TOOK: 0.000036
SENDING TO GPU TOOK: 0.000087
CUDA EXEC TOOK: 0.000364
SENDING BACK FROM GPU TOOK: 0.000034
TIME TO CALC NEW ARRAY X AND Y TOOK: 0.000488
TIME TO RESET WEIGHTS TOOK: 0.000009
PARTICLE FILTER TOOK 1.502928
ENTIRE PROGRAM TOOK 1.512518
