VIDEO SEQUENCE TOOK 0.013000
TIME TO GET NEIGHBORS TOOK: 0.000004
TIME TO GET WEIGHTSTOOK: 0.000011
TIME TO SET ERROR TOOK: 0.000533
TIME TO GET LIKELIHOODS TOOK: 0.003614
TIME TO GET EXP TOOK: 0.000044
TIME TO SUM WEIGHTS TOOK: 0.000004
TIME TO NORMALIZE WEIGHTS TOOK: 0.000007
TIME TO MOVE OBJECT TOOK: 0.000005
XE: 64.754498
YE: 64.336159
0.825996
TIME TO CALC CUM SUM TOOK: 0.000009
TIME TO CALC U TOOK: 0.000011
SENDING TO GPU TOOK: 0.000078
CUDA EXEC TOOK: 0.000373
SENDING BACK FROM GPU TOOK: 0.000043
TIME TO CALC NEW ARRAY X AND Y TOOK: 0.000496
TIME TO RESET WEIGHTS TOOK: 0.000009
PARTICLE FILTER TOOK 1.493818
ENTIRE PROGRAM TOOK 1.506818
