VIDEO SEQUENCE TOOK 0.009595
TIME TO GET NEIGHBORS TOOK: 0.000005
TIME TO GET WEIGHTSTOOK: 0.000011
TIME TO SET ERROR TOOK: 0.000933
TIME TO GET LIKELIHOODS TOOK: 0.005561
TIME TO GET EXP TOOK: 0.000052
TIME TO SUM WEIGHTS TOOK: 0.000004
TIME TO NORMALIZE WEIGHTS TOOK: 0.000007
TIME TO MOVE OBJECT TOOK: 0.000005
XE: 64.527589
YE: 64.619234
0.813512
TIME TO CALC CUM SUM TOOK: 0.000010
TIME TO CALC U TOOK: 0.000010
SENDING TO GPU TOOK: 0.000078
CUDA EXEC TOOK: 0.000497
SENDING BACK FROM GPU TOOK: 0.000045
TIME TO CALC NEW ARRAY X AND Y TOOK: 0.000622
TIME TO RESET WEIGHTS TOOK: 0.000010
PARTICLE FILTER TOOK 1.534818
ENTIRE PROGRAM TOOK 1.544413
