VIDEO SEQUENCE TOOK 0.005169
TIME TO GET NEIGHBORS TOOK: 0.000003
TIME TO GET WEIGHTSTOOK: 0.000004
TIME TO SET ERROR TOOK: 0.000283
TIME TO GET LIKELIHOODS TOOK: 0.000889
TIME TO GET EXP TOOK: 0.000034
TIME TO SUM WEIGHTS TOOK: 0.000001
TIME TO NORMALIZE WEIGHTS TOOK: 0.000003
TIME TO MOVE OBJECT TOOK: 0.000002
XE: 64.464111
YE: 64.368382
0.592541
TIME TO CALC CUM SUM TOOK: 0.000007
TIME TO CALC U TOOK: 0.000004
SENDING TO GPU TOOK: 0.000086
CUDA EXEC TOOK: 0.000227
SENDING BACK FROM GPU TOOK: 0.000042
TIME TO CALC NEW ARRAY X AND Y TOOK: 0.000357
TIME TO RESET WEIGHTS TOOK: 0.000004
PARTICLE FILTER TOOK 5.258437
ENTIRE PROGRAM TOOK 5.263606
