VIDEO SEQUENCE TOOK 0.011864
TIME TO GET NEIGHBORS TOOK: 0.000005
TIME TO GET WEIGHTSTOOK: 0.000012
TIME TO SET ERROR TOOK: 0.000439
TIME TO GET LIKELIHOODS TOOK: 0.003418
TIME TO GET EXP TOOK: 0.000041
TIME TO SUM WEIGHTS TOOK: 0.000003
TIME TO NORMALIZE WEIGHTS TOOK: 0.000007
TIME TO MOVE OBJECT TOOK: 0.000004
XE: 64.452934
YE: 64.546928
0.710127
TIME TO CALC CUM SUM TOOK: 0.000010
TIME TO CALC U TOOK: 0.000009
SENDING TO GPU TOOK: 0.000075
CUDA EXEC TOOK: 0.000469
SENDING BACK FROM GPU TOOK: 0.000030
TIME TO CALC NEW ARRAY X AND Y TOOK: 0.000578
TIME TO RESET WEIGHTS TOOK: 0.000008
PARTICLE FILTER TOOK 1.517673
ENTIRE PROGRAM TOOK 1.529537
