VIDEO SEQUENCE TOOK 0.008531
TIME TO GET NEIGHBORS TOOK: 0.000004
TIME TO GET WEIGHTSTOOK: 0.000012
TIME TO SET ERROR TOOK: 0.000569
TIME TO GET LIKELIHOODS TOOK: 0.004010
TIME TO GET EXP TOOK: 0.000051
TIME TO SUM WEIGHTS TOOK: 0.000004
TIME TO NORMALIZE WEIGHTS TOOK: 0.000007
TIME TO MOVE OBJECT TOOK: 0.000005
XE: 64.445360
YE: 64.416042
0.609456
TIME TO CALC CUM SUM TOOK: 0.000009
TIME TO CALC U TOOK: 0.000011
SENDING TO GPU TOOK: 0.000078
CUDA EXEC TOOK: 0.000469
SENDING BACK FROM GPU TOOK: 0.000042
TIME TO CALC NEW ARRAY X AND Y TOOK: 0.000592
TIME TO RESET WEIGHTS TOOK: 0.000009
PARTICLE FILTER TOOK 1.495508
ENTIRE PROGRAM TOOK 1.504039
