VIDEO SEQUENCE TOOK 0.009936
TIME TO GET NEIGHBORS TOOK: 0.000005
TIME TO GET WEIGHTSTOOK: 0.000012
TIME TO SET ERROR TOOK: 0.000435
TIME TO GET LIKELIHOODS TOOK: 0.007622
TIME TO GET EXP TOOK: 0.000041
TIME TO SUM WEIGHTS TOOK: 0.000004
TIME TO NORMALIZE WEIGHTS TOOK: 0.000006
TIME TO MOVE OBJECT TOOK: 0.000005
XE: 64.401941
YE: 64.396126
0.564334
TIME TO CALC CUM SUM TOOK: 0.000009
TIME TO CALC U TOOK: 0.000009
SENDING TO GPU TOOK: 0.000074
CUDA EXEC TOOK: 0.000457
SENDING BACK FROM GPU TOOK: 0.000035
TIME TO CALC NEW ARRAY X AND Y TOOK: 0.000570
TIME TO RESET WEIGHTS TOOK: 0.000008
PARTICLE FILTER TOOK 1.563575
ENTIRE PROGRAM TOOK 1.573511
