VIDEO SEQUENCE TOOK 0.007992
TIME TO GET NEIGHBORS TOOK: 0.000003
TIME TO GET WEIGHTSTOOK: 0.000012
TIME TO SET ERROR TOOK: 0.000434
TIME TO GET LIKELIHOODS TOOK: 0.003417
TIME TO GET EXP TOOK: 0.000041
TIME TO SUM WEIGHTS TOOK: 0.000004
TIME TO NORMALIZE WEIGHTS TOOK: 0.000007
TIME TO MOVE OBJECT TOOK: 0.000004
XE: 64.663804
YE: 64.424790
0.788088
TIME TO CALC CUM SUM TOOK: 0.000010
TIME TO CALC U TOOK: 0.000010
SENDING TO GPU TOOK: 0.000074
CUDA EXEC TOOK: 0.000489
SENDING BACK FROM GPU TOOK: 0.000036
TIME TO CALC NEW ARRAY X AND Y TOOK: 0.000601
TIME TO RESET WEIGHTS TOOK: 0.000008
PARTICLE FILTER TOOK 1.533537
ENTIRE PROGRAM TOOK 1.541529
