VIDEO SEQUENCE TOOK 0.008001
TIME TO GET NEIGHBORS TOOK: 0.000004
TIME TO GET WEIGHTSTOOK: 0.000012
TIME TO SET ERROR TOOK: 0.000933
TIME TO GET LIKELIHOODS TOOK: 0.004583
TIME TO GET EXP TOOK: 0.000045
TIME TO SUM WEIGHTS TOOK: 0.000004
TIME TO NORMALIZE WEIGHTS TOOK: 0.000008
TIME TO MOVE OBJECT TOOK: 0.000004
XE: 64.471688
YE: 64.604628
0.766854
TIME TO CALC CUM SUM TOOK: 0.000011
TIME TO CALC U TOOK: 0.000010
SENDING TO GPU TOOK: 0.000074
CUDA EXEC TOOK: 0.000431
SENDING BACK FROM GPU TOOK: 0.000040
TIME TO CALC NEW ARRAY X AND Y TOOK: 0.000547
TIME TO RESET WEIGHTS TOOK: 0.000010
PARTICLE FILTER TOOK 1.545436
ENTIRE PROGRAM TOOK 1.553437
