VIDEO SEQUENCE TOOK 0.009377
TIME TO GET NEIGHBORS TOOK: 0.000006
TIME TO GET WEIGHTSTOOK: 0.000013
TIME TO SET ERROR TOOK: 0.001009
TIME TO GET LIKELIHOODS TOOK: 0.005252
TIME TO GET EXP TOOK: 0.000041
TIME TO SUM WEIGHTS TOOK: 0.000003
TIME TO NORMALIZE WEIGHTS TOOK: 0.000007
TIME TO MOVE OBJECT TOOK: 0.000005
XE: 64.306823
YE: 64.508805
0.594157
TIME TO CALC CUM SUM TOOK: 0.000009
TIME TO CALC U TOOK: 0.000010
SENDING TO GPU TOOK: 0.000069
CUDA EXEC TOOK: 0.000451
SENDING BACK FROM GPU TOOK: 0.000030
TIME TO CALC NEW ARRAY X AND Y TOOK: 0.000553
TIME TO RESET WEIGHTS TOOK: 0.000008
PARTICLE FILTER TOOK 1.554985
ENTIRE PROGRAM TOOK 1.564362
