VIDEO SEQUENCE TOOK 0.008118
TIME TO GET NEIGHBORS TOOK: 0.000004
TIME TO GET WEIGHTSTOOK: 0.000011
TIME TO SET ERROR TOOK: 0.000449
TIME TO GET LIKELIHOODS TOOK: 0.003385
TIME TO GET EXP TOOK: 0.000041
TIME TO SUM WEIGHTS TOOK: 0.000003
TIME TO NORMALIZE WEIGHTS TOOK: 0.000007
TIME TO MOVE OBJECT TOOK: 0.000004
XE: 64.541245
YE: 64.401177
0.673713
TIME TO CALC CUM SUM TOOK: 0.000010
TIME TO CALC U TOOK: 0.000009
SENDING TO GPU TOOK: 0.000074
CUDA EXEC TOOK: 0.000320
SENDING BACK FROM GPU TOOK: 0.000035
TIME TO CALC NEW ARRAY X AND Y TOOK: 0.000440
TIME TO RESET WEIGHTS TOOK: 0.000009
PARTICLE FILTER TOOK 1.540327
ENTIRE PROGRAM TOOK 1.548445
