VIDEO SEQUENCE TOOK 0.008725
TIME TO GET NEIGHBORS TOOK: 0.000004
TIME TO GET WEIGHTSTOOK: 0.000012
TIME TO SET ERROR TOOK: 0.000469
TIME TO GET LIKELIHOODS TOOK: 0.003595
TIME TO GET EXP TOOK: 0.000045
TIME TO SUM WEIGHTS TOOK: 0.000003
TIME TO NORMALIZE WEIGHTS TOOK: 0.000008
TIME TO MOVE OBJECT TOOK: 0.000004
XE: 64.484617
YE: 64.100911
0.495012
TIME TO CALC CUM SUM TOOK: 0.000010
TIME TO CALC U TOOK: 0.000011
SENDING TO GPU TOOK: 0.000073
CUDA EXEC TOOK: 0.000474
SENDING BACK FROM GPU TOOK: 0.000039
TIME TO CALC NEW ARRAY X AND Y TOOK: 0.000588
TIME TO RESET WEIGHTS TOOK: 0.000010
PARTICLE FILTER TOOK 1.520088
ENTIRE PROGRAM TOOK 1.528813
