VIDEO SEQUENCE TOOK 0.009639
TIME TO GET NEIGHBORS TOOK: 0.000004
TIME TO GET WEIGHTSTOOK: 0.000012
TIME TO SET ERROR TOOK: 0.000451
TIME TO GET LIKELIHOODS TOOK: 0.003383
TIME TO GET EXP TOOK: 0.000041
TIME TO SUM WEIGHTS TOOK: 0.000003
TIME TO NORMALIZE WEIGHTS TOOK: 0.000007
TIME TO MOVE OBJECT TOOK: 0.000005
XE: 64.615251
YE: 64.447800
0.760959
TIME TO CALC CUM SUM TOOK: 0.000009
TIME TO CALC U TOOK: 0.000009
SENDING TO GPU TOOK: 0.000073
CUDA EXEC TOOK: 0.000489
SENDING BACK FROM GPU TOOK: 0.000035
TIME TO CALC NEW ARRAY X AND Y TOOK: 0.000599
TIME TO RESET WEIGHTS TOOK: 0.000009
PARTICLE FILTER TOOK 1.511840
ENTIRE PROGRAM TOOK 1.521479
