VIDEO SEQUENCE TOOK 0.008232
TIME TO GET NEIGHBORS TOOK: 0.000004
TIME TO GET WEIGHTSTOOK: 0.000011
TIME TO SET ERROR TOOK: 0.000436
TIME TO GET LIKELIHOODS TOOK: 0.003388
TIME TO GET EXP TOOK: 0.000041
TIME TO SUM WEIGHTS TOOK: 0.000004
TIME TO NORMALIZE WEIGHTS TOOK: 0.000007
TIME TO MOVE OBJECT TOOK: 0.000004
XE: 64.412496
YE: 64.402122
0.576069
TIME TO CALC CUM SUM TOOK: 0.000009
TIME TO CALC U TOOK: 0.000010
SENDING TO GPU TOOK: 0.000074
CUDA EXEC TOOK: 0.000409
SENDING BACK FROM GPU TOOK: 0.000035
TIME TO CALC NEW ARRAY X AND Y TOOK: 0.000520
TIME TO RESET WEIGHTS TOOK: 0.000009
PARTICLE FILTER TOOK 1.511593
ENTIRE PROGRAM TOOK 1.519825
