VIDEO SEQUENCE TOOK 0.009883
TIME TO GET NEIGHBORS TOOK: 0.000007
TIME TO GET WEIGHTSTOOK: 0.000083
TIME TO SET ERROR TOOK: 0.002417
TIME TO GET LIKELIHOODS TOOK: 0.029243
TIME TO GET EXP TOOK: 0.000216
TIME TO SUM WEIGHTS TOOK: 0.000026
TIME TO NORMALIZE WEIGHTS TOOK: 0.000039
TIME TO MOVE OBJECT TOOK: 0.000034
XE: 64.500068
YE: 64.437059
0.664145
TIME TO CALC CUM SUM TOOK: 0.000048
TIME TO CALC U TOOK: 0.000092
SENDING TO GPU TOOK: 0.000410
CUDA EXEC TOOK: 0.001671
SENDING BACK FROM GPU TOOK: 0.000131
TIME TO CALC NEW ARRAY X AND Y TOOK: 0.002216
TIME TO RESET WEIGHTS TOOK: 0.000064
PARTICLE FILTER TOOK 0.130621
ENTIRE PROGRAM TOOK 0.140504
