VIDEO SEQUENCE TOOK 0.008094
TIME TO GET NEIGHBORS TOOK: 0.000004
TIME TO GET WEIGHTSTOOK: 0.000011
TIME TO SET ERROR TOOK: 0.001097
TIME TO GET LIKELIHOODS TOOK: 0.004865
TIME TO GET EXP TOOK: 0.000041
TIME TO SUM WEIGHTS TOOK: 0.000004
TIME TO NORMALIZE WEIGHTS TOOK: 0.000006
TIME TO MOVE OBJECT TOOK: 0.000005
XE: 64.456655
YE: 64.381499
0.595042
TIME TO CALC CUM SUM TOOK: 0.000009
TIME TO CALC U TOOK: 0.000010
SENDING TO GPU TOOK: 0.000075
CUDA EXEC TOOK: 0.000497
SENDING BACK FROM GPU TOOK: 0.000037
TIME TO CALC NEW ARRAY X AND Y TOOK: 0.000611
TIME TO RESET WEIGHTS TOOK: 0.000009
PARTICLE FILTER TOOK 1.525223
ENTIRE PROGRAM TOOK 1.533317
