VIDEO SEQUENCE TOOK 0.008395
TIME TO GET NEIGHBORS TOOK: 0.000005
TIME TO GET WEIGHTSTOOK: 0.000011
TIME TO SET ERROR TOOK: 0.000458
TIME TO GET LIKELIHOODS TOOK: 0.007306
TIME TO GET EXP TOOK: 0.000042
TIME TO SUM WEIGHTS TOOK: 0.000003
TIME TO NORMALIZE WEIGHTS TOOK: 0.000007
TIME TO MOVE OBJECT TOOK: 0.000005
XE: 64.578724
YE: 64.552108
0.799840
TIME TO CALC CUM SUM TOOK: 0.000009
TIME TO CALC U TOOK: 0.000009
SENDING TO GPU TOOK: 0.000074
CUDA EXEC TOOK: 0.000500
SENDING BACK FROM GPU TOOK: 0.000035
TIME TO CALC NEW ARRAY X AND Y TOOK: 0.000612
TIME TO RESET WEIGHTS TOOK: 0.000009
PARTICLE FILTER TOOK 1.512069
ENTIRE PROGRAM TOOK 1.520464
