VIDEO SEQUENCE TOOK 0.008136
TIME TO GET NEIGHBORS TOOK: 0.000004
TIME TO GET WEIGHTSTOOK: 0.000011
TIME TO SET ERROR TOOK: 0.001088
TIME TO GET LIKELIHOODS TOOK: 0.005476
TIME TO GET EXP TOOK: 0.000041
TIME TO SUM WEIGHTS TOOK: 0.000004
TIME TO NORMALIZE WEIGHTS TOOK: 0.000007
TIME TO MOVE OBJECT TOOK: 0.000004
XE: 64.490764
YE: 64.194613
0.527943
TIME TO CALC CUM SUM TOOK: 0.000009
TIME TO CALC U TOOK: 0.000010
SENDING TO GPU TOOK: 0.000075
CUDA EXEC TOOK: 0.000467
SENDING BACK FROM GPU TOOK: 0.000036
TIME TO CALC NEW ARRAY X AND Y TOOK: 0.000580
TIME TO RESET WEIGHTS TOOK: 0.000008
PARTICLE FILTER TOOK 1.542906
ENTIRE PROGRAM TOOK 1.551042
