VIDEO SEQUENCE TOOK 0.013731
TIME TO GET NEIGHBORS TOOK: 0.000004
TIME TO GET WEIGHTSTOOK: 0.000012
TIME TO SET ERROR TOOK: 0.000444
TIME TO GET LIKELIHOODS TOOK: 0.004127
TIME TO GET EXP TOOK: 0.000056
TIME TO SUM WEIGHTS TOOK: 0.000005
TIME TO NORMALIZE WEIGHTS TOOK: 0.000009
TIME TO MOVE OBJECT TOOK: 0.000007
XE: 64.693019
YE: 64.524951
0.869396
TIME TO CALC CUM SUM TOOK: 0.000012
TIME TO CALC U TOOK: 0.000013
SENDING TO GPU TOOK: 0.000088
CUDA EXEC TOOK: 0.000502
SENDING BACK FROM GPU TOOK: 0.000042
TIME TO CALC NEW ARRAY X AND Y TOOK: 0.000636
TIME TO RESET WEIGHTS TOOK: 0.000012
PARTICLE FILTER TOOK 1.538059
ENTIRE PROGRAM TOOK 1.551790
