VIDEO SEQUENCE TOOK 0.009465
TIME TO GET NEIGHBORS TOOK: 0.000004
TIME TO GET WEIGHTSTOOK: 0.000011
TIME TO SET ERROR TOOK: 0.000445
TIME TO GET LIKELIHOODS TOOK: 0.003406
TIME TO GET EXP TOOK: 0.000040
TIME TO SUM WEIGHTS TOOK: 0.000004
TIME TO NORMALIZE WEIGHTS TOOK: 0.000006
TIME TO MOVE OBJECT TOOK: 0.000005
XE: 64.758179
YE: 64.243258
0.796248
TIME TO CALC CUM SUM TOOK: 0.000009
TIME TO CALC U TOOK: 0.000010
SENDING TO GPU TOOK: 0.000069
CUDA EXEC TOOK: 0.000303
SENDING BACK FROM GPU TOOK: 0.000032
TIME TO CALC NEW ARRAY X AND Y TOOK: 0.000406
TIME TO RESET WEIGHTS TOOK: 0.000008
PARTICLE FILTER TOOK 1.496945
ENTIRE PROGRAM TOOK 1.506410
