VIDEO SEQUENCE TOOK 0.007893
TIME TO GET NEIGHBORS TOOK: 0.000004
TIME TO GET WEIGHTSTOOK: 0.000011
TIME TO SET ERROR TOOK: 0.000948
TIME TO GET LIKELIHOODS TOOK: 0.007523
TIME TO GET EXP TOOK: 0.000045
TIME TO SUM WEIGHTS TOOK: 0.000004
TIME TO NORMALIZE WEIGHTS TOOK: 0.000007
TIME TO MOVE OBJECT TOOK: 0.000005
XE: 64.385314
YE: 64.432242
0.579051
TIME TO CALC CUM SUM TOOK: 0.000010
TIME TO CALC U TOOK: 0.000010
SENDING TO GPU TOOK: 0.000078
CUDA EXEC TOOK: 0.000430
SENDING BACK FROM GPU TOOK: 0.000036
TIME TO CALC NEW ARRAY X AND Y TOOK: 0.000546
TIME TO RESET WEIGHTS TOOK: 0.000010
PARTICLE FILTER TOOK 1.573498
ENTIRE PROGRAM TOOK 1.581391
