VIDEO SEQUENCE TOOK 0.008628
TIME TO GET NEIGHBORS TOOK: 0.000004
TIME TO GET WEIGHTSTOOK: 0.000012
TIME TO SET ERROR TOOK: 0.000443
TIME TO GET LIKELIHOODS TOOK: 0.003414
TIME TO GET EXP TOOK: 0.000041
TIME TO SUM WEIGHTS TOOK: 0.000004
TIME TO NORMALIZE WEIGHTS TOOK: 0.000006
TIME TO MOVE OBJECT TOOK: 0.000005
XE: 64.623577
YE: 64.241892
0.668850
TIME TO CALC CUM SUM TOOK: 0.000009
TIME TO CALC U TOOK: 0.000010
SENDING TO GPU TOOK: 0.000075
CUDA EXEC TOOK: 0.000501
SENDING BACK FROM GPU TOOK: 0.000035
TIME TO CALC NEW ARRAY X AND Y TOOK: 0.000613
TIME TO RESET WEIGHTS TOOK: 0.000009
PARTICLE FILTER TOOK 1.532665
ENTIRE PROGRAM TOOK 1.541293
