VIDEO SEQUENCE TOOK 0.008668
TIME TO GET NEIGHBORS TOOK: 0.000004
TIME TO GET WEIGHTSTOOK: 0.000011
TIME TO SET ERROR TOOK: 0.001143
TIME TO GET LIKELIHOODS TOOK: 0.006010
TIME TO GET EXP TOOK: 0.000040
TIME TO SUM WEIGHTS TOOK: 0.000004
TIME TO NORMALIZE WEIGHTS TOOK: 0.000007
TIME TO MOVE OBJECT TOOK: 0.000004
XE: 64.398322
YE: 64.289359
0.492330
TIME TO CALC CUM SUM TOOK: 0.000009
TIME TO CALC U TOOK: 0.000010
SENDING TO GPU TOOK: 0.000069
CUDA EXEC TOOK: 0.000464
SENDING BACK FROM GPU TOOK: 0.000031
TIME TO CALC NEW ARRAY X AND Y TOOK: 0.000566
TIME TO RESET WEIGHTS TOOK: 0.000009
PARTICLE FILTER TOOK 1.535244
ENTIRE PROGRAM TOOK 1.543912
