VIDEO SEQUENCE TOOK 0.008077
TIME TO GET NEIGHBORS TOOK: 0.000004
TIME TO GET WEIGHTSTOOK: 0.000011
TIME TO SET ERROR TOOK: 0.000449
TIME TO GET LIKELIHOODS TOOK: 0.003387
TIME TO GET EXP TOOK: 0.000041
TIME TO SUM WEIGHTS TOOK: 0.000004
TIME TO NORMALIZE WEIGHTS TOOK: 0.000007
TIME TO MOVE OBJECT TOOK: 0.000004
XE: 64.441966
YE: 64.449581
0.630442
TIME TO CALC CUM SUM TOOK: 0.000010
TIME TO CALC U TOOK: 0.000009
SENDING TO GPU TOOK: 0.000068
CUDA EXEC TOOK: 0.000468
SENDING BACK FROM GPU TOOK: 0.000031
TIME TO CALC NEW ARRAY X AND Y TOOK: 0.000571
TIME TO RESET WEIGHTS TOOK: 0.000008
PARTICLE FILTER TOOK 1.530884
ENTIRE PROGRAM TOOK 1.538961
