VIDEO SEQUENCE TOOK 0.012188
TIME TO GET NEIGHBORS TOOK: 0.000004
TIME TO GET WEIGHTSTOOK: 0.000011
TIME TO SET ERROR TOOK: 0.000469
TIME TO GET LIKELIHOODS TOOK: 0.003611
TIME TO GET EXP TOOK: 0.000045
TIME TO SUM WEIGHTS TOOK: 0.000003
TIME TO NORMALIZE WEIGHTS TOOK: 0.000008
TIME TO MOVE OBJECT TOOK: 0.000004
XE: 64.336873
YE: 64.387282
0.513294
TIME TO CALC CUM SUM TOOK: 0.000010
TIME TO CALC U TOOK: 0.000010
SENDING TO GPU TOOK: 0.000072
CUDA EXEC TOOK: 0.000422
SENDING BACK FROM GPU TOOK: 0.000039
TIME TO CALC NEW ARRAY X AND Y TOOK: 0.000536
TIME TO RESET WEIGHTS TOOK: 0.000009
PARTICLE FILTER TOOK 1.528364
ENTIRE PROGRAM TOOK 1.540552
